{"level":"info","ts":1576459776.781573,"caller":"zap/zap.go:49","msg":"[initLogger] zap plugin initializing completed"}
{"level":"info","ts":1576460400.732629,"caller":"zap/zap.go:49","msg":"[initLogger] zap plugin initializing completed"}
{"level":"info","ts":1576460406.7457652,"caller":"handler/wrapper.go:18","msg":"[JWTAuthWrapper] Cookie iseyJhbGciOiJIUzI1NiIsInR5cCI6IkpXVCJ9.eyJleHAiOjE1NzkwNTA4MTYsImp0aSI6IjMiLCJpYXQiOjE1NzY0NTg4MTYsImlzcyI6ImNvbS5pc2xhbmQuY29kZSIsIm5iZiI6MTU3NjQ1ODgxNiwic3ViIjoiMyJ9.q2xkvK1rabdACUWGU_kXPGHceaHDK5kNBIfe7mLkXqw"}
{"level":"info","ts":1576460406.7459352,"caller":"handler/wrapper.go:24","msg":"[JWTAuthWrapper] token is"}
{"level":"info","ts":1576467892.578022,"caller":"zap/zap.go:49","msg":"[initLogger] zap plugin initializing completed"}
{"level":"info","ts":1576467905.1886342,"caller":"handler/wrapper.go:23","msg":"[JWTAuthWrapper] Cookie iseyJhbGciOiJIUzI1NiIsInR5cCI6IkpXVCJ9.eyJleHAiOjE1NzkwNTA4MTYsImp0aSI6IjMiLCJpYXQiOjE1NzY0NTg4MTYsImlzcyI6ImNvbS5pc2xhbmQuY29kZSIsIm5iZiI6MTU3NjQ1ODgxNiwic3ViIjoiMyJ9.q2xkvK1rabdACUWGU_kXPGHceaHDK5kNBIfe7mLkXqw"}
{"level":"info","ts":1576467905.188812,"caller":"handler/wrapper.go:29","msg":"[JWTAuthWrapper] token is"}
{"level":"info","ts":1576468075.730659,"caller":"zap/zap.go:49","msg":"[initLogger] zap plugin initializing completed"}
{"level":"info","ts":1576468081.373441,"caller":"handler/wrapper.go:23","msg":"[JWTAuthWrapper] Cookie iseyJhbGciOiJIUzI1NiIsInR5cCI6IkpXVCJ9.eyJleHAiOjE1NzkwNTA4MTYsImp0aSI6IjMiLCJpYXQiOjE1NzY0NTg4MTYsImlzcyI6ImNvbS5pc2xhbmQuY29kZSIsIm5iZiI6MTU3NjQ1ODgxNiwic3ViIjoiMyJ9.q2xkvK1rabdACUWGU_kXPGHceaHDK5kNBIfe7mLkXqw"}
{"level":"info","ts":1576468081.374144,"caller":"handler/wrapper.go:29","msg":"[JWTAuthWrapper] token is"}
{"level":"info","ts":1576468188.8137448,"caller":"zap/zap.go:49","msg":"[initLogger] zap plugin initializing completed"}
{"level":"info","ts":1576468194.323479,"caller":"handler/wrapper.go:23","msg":"[JWTAuthWrapper] Cookie iseyJhbGciOiJIUzI1NiIsInR5cCI6IkpXVCJ9.eyJleHAiOjE1NzkwNTA4MTYsImp0aSI6IjMiLCJpYXQiOjE1NzY0NTg4MTYsImlzcyI6ImNvbS5pc2xhbmQuY29kZSIsIm5iZiI6MTU3NjQ1ODgxNiwic3ViIjoiMyJ9.q2xkvK1rabdACUWGU_kXPGHceaHDK5kNBIfe7mLkXqw"}
{"level":"info","ts":1576468194.323776,"caller":"handler/wrapper.go:29","msg":"[JWTAuthWrapper] token is"}
{"level":"info","ts":1576477528.467181,"caller":"zap/zap.go:49","msg":"[initLogger] zap plugin initializing completed"}
{"level":"info","ts":1576477557.680404,"caller":"handler/wrapper.go:23","msg":"[JWTAuthWrapper] Cookie iseyJhbGciOiJIUzI1NiIsInR5cCI6IkpXVCJ9.eyJleHAiOjE1NzkwNjk1NDMsImp0aSI6IjMiLCJpYXQiOjE1NzY0Nzc1NDMsImlzcyI6ImNvbS5pc2xhbmQuY29kZSIsIm5iZiI6MTU3NjQ3NzU0Mywic3ViIjoiMyJ9.6z804lBiT2io-dq2KSK4Tp2WqHuqaV5V-7MqFTUFJUk"}
{"level":"info","ts":1576477557.6806242,"caller":"handler/wrapper.go:29","msg":"[JWTAuthWrapper] token is"}
{"level":"info","ts":1576477590.9773161,"caller":"zap/zap.go:49","msg":"[initLogger] zap plugin initializing completed"}
{"level":"info","ts":1576477599.039985,"caller":"handler/wrapper.go:23","msg":"[JWTAuthWrapper] Cookie iseyJhbGciOiJIUzI1NiIsInR5cCI6IkpXVCJ9.eyJleHAiOjE1NzkwNjk1NDMsImp0aSI6IjMiLCJpYXQiOjE1NzY0Nzc1NDMsImlzcyI6ImNvbS5pc2xhbmQuY29kZSIsIm5iZiI6MTU3NjQ3NzU0Mywic3ViIjoiMyJ9.6z804lBiT2io-dq2KSK4Tp2WqHuqaV5V-7MqFTUFJUk"}
{"level":"info","ts":1576477599.040111,"caller":"handler/wrapper.go:29","msg":"[JWTAuthWrapper] token is"}
{"level":"info","ts":1576480134.5632188,"caller":"zap/zap.go:49","msg":"[initLogger] zap plugin initializing completed"}
{"level":"info","ts":1576480159.959777,"caller":"handler/wrapper.go:24","msg":"[JWTAuthWrapper] Cookie iseyJhbGciOiJIUzI1NiIsInR5cCI6IkpXVCJ9.eyJleHAiOjE1NzkwNjk1NDMsImp0aSI6IjMiLCJpYXQiOjE1NzY0Nzc1NDMsImlzcyI6ImNvbS5pc2xhbmQuY29kZSIsIm5iZiI6MTU3NjQ3NzU0Mywic3ViIjoiMyJ9.6z804lBiT2io-dq2KSK4Tp2WqHuqaV5V-7MqFTUFJUk"}
{"level":"info","ts":1576480159.959921,"caller":"handler/wrapper.go:30","msg":"[JWTAuthWrapper] token is"}
{"level":"info","ts":1576480350.116948,"caller":"zap/zap.go:49","msg":"[initLogger] zap plugin initializing completed"}
{"level":"info","ts":1576480355.7056,"caller":"handler/wrapper.go:24","msg":"[JWTAuthWrapper] Cookie iseyJhbGciOiJIUzI1NiIsInR5cCI6IkpXVCJ9.eyJleHAiOjE1NzkwNjk1NDMsImp0aSI6IjMiLCJpYXQiOjE1NzY0Nzc1NDMsImlzcyI6ImNvbS5pc2xhbmQuY29kZSIsIm5iZiI6MTU3NjQ3NzU0Mywic3ViIjoiMyJ9.6z804lBiT2io-dq2KSK4Tp2WqHuqaV5V-7MqFTUFJUk"}
{"level":"info","ts":1576480355.705764,"caller":"handler/wrapper.go:30","msg":"[JWTAuthWrapper] token is"}
{"level":"info","ts":1576480355.711096,"caller":"handler/handler.go:53","msg":"success"}
{"level":"info","ts":1576480686.9818351,"caller":"zap/zap.go:49","msg":"[initLogger] zap plugin initializing completed"}
{"level":"info","ts":1576480692.995616,"caller":"handler/wrapper.go:24","msg":"[JWTAuthWrapper] Cookie iseyJhbGciOiJIUzI1NiIsInR5cCI6IkpXVCJ9.eyJleHAiOjE1NzkwNjk1NDMsImp0aSI6IjMiLCJpYXQiOjE1NzY0Nzc1NDMsImlzcyI6ImNvbS5pc2xhbmQuY29kZSIsIm5iZiI6MTU3NjQ3NzU0Mywic3ViIjoiMyJ9.6z804lBiT2io-dq2KSK4Tp2WqHuqaV5V-7MqFTUFJUk"}
{"level":"info","ts":1576480692.9959219,"caller":"handler/wrapper.go:30","msg":"[JWTAuthWrapper] token is"}
{"level":"info","ts":1576480693.0135171,"caller":"handler/handler.go:53","msg":"success"}
{"level":"info","ts":1576480824.221877,"caller":"zap/zap.go:49","msg":"[initLogger] zap plugin initializing completed"}
{"level":"info","ts":1576480860.375444,"caller":"handler/wrapper.go:24","msg":"[JWTAuthWrapper] Cookie iseyJhbGciOiJIUzI1NiIsInR5cCI6IkpXVCJ9.eyJleHAiOjE1NzkwNjk1NDMsImp0aSI6IjMiLCJpYXQiOjE1NzY0Nzc1NDMsImlzcyI6ImNvbS5pc2xhbmQuY29kZSIsIm5iZiI6MTU3NjQ3NzU0Mywic3ViIjoiMyJ9.6z804lBiT2io-dq2KSK4Tp2WqHuqaV5V-7MqFTUFJUk"}
{"level":"info","ts":1576480860.37567,"caller":"handler/wrapper.go:30","msg":"[JWTAuthWrapper] token is"}
{"level":"info","ts":1576480922.2185202,"caller":"zap/zap.go:49","msg":"[initLogger] zap plugin initializing completed"}
{"level":"info","ts":1576480927.253498,"caller":"handler/wrapper.go:24","msg":"[JWTAuthWrapper] Cookie iseyJhbGciOiJIUzI1NiIsInR5cCI6IkpXVCJ9.eyJleHAiOjE1NzkwNjk1NDMsImp0aSI6IjMiLCJpYXQiOjE1NzY0Nzc1NDMsImlzcyI6ImNvbS5pc2xhbmQuY29kZSIsIm5iZiI6MTU3NjQ3NzU0Mywic3ViIjoiMyJ9.6z804lBiT2io-dq2KSK4Tp2WqHuqaV5V-7MqFTUFJUk"}
{"level":"info","ts":1576480927.25404,"caller":"handler/wrapper.go:30","msg":"[JWTAuthWrapper] token is"}
{"level":"info","ts":1576488082.072386,"caller":"zap/zap.go:49","msg":"[initLogger] zap plugin initializing completed"}
{"level":"info","ts":1576488117.367559,"caller":"handler/wrapper.go:24","msg":"[JWTAuthWrapper] Cookie iseyJhbGciOiJIUzI1NiIsInR5cCI6IkpXVCJ9.eyJleHAiOjE1NzkwNjk1NDMsImp0aSI6IjMiLCJpYXQiOjE1NzY0Nzc1NDMsImlzcyI6ImNvbS5pc2xhbmQuY29kZSIsIm5iZiI6MTU3NjQ3NzU0Mywic3ViIjoiMyJ9.6z804lBiT2io-dq2KSK4Tp2WqHuqaV5V-7MqFTUFJUk"}
{"level":"info","ts":1576488117.367699,"caller":"handler/wrapper.go:25","msg":"[JWTAuthWrapper] Token is"}
{"level":"info","ts":1576488527.677488,"caller":"zap/zap.go:49","msg":"[initLogger] zap plugin initializing completed"}
{"level":"info","ts":1576488632.181396,"caller":"handler/wrapper.go:24","msg":"[JWTAuthWrapper] Cookie iseyJhbGciOiJIUzI1NiIsInR5cCI6IkpXVCJ9.eyJleHAiOjE1NzkwNjk1NDMsImp0aSI6IjMiLCJpYXQiOjE1NzY0Nzc1NDMsImlzcyI6ImNvbS5pc2xhbmQuY29kZSIsIm5iZiI6MTU3NjQ3NzU0Mywic3ViIjoiMyJ9.6z804lBiT2io-dq2KSK4Tp2WqHuqaV5V-7MqFTUFJUk"}
{"level":"info","ts":1576488632.1815538,"caller":"handler/wrapper.go:25","msg":"[JWTAuthWrapper] Token is"}
{"level":"info","ts":1576489297.09583,"caller":"zap/zap.go:49","msg":"[initLogger] zap plugin initializing completed"}
{"level":"info","ts":1576489397.734595,"caller":"zap/zap.go:49","msg":"[initLogger] zap plugin initializing completed"}
{"level":"info","ts":1576492899.177048,"caller":"zap/zap.go:49","msg":"[initLogger] zap plugin initializing completed"}
{"level":"info","ts":1576492922.774221,"caller":"handler/wrapper.go:25","msg":"[JWTAuthWrapper] Token is"}
{"level":"info","ts":1576493045.579405,"caller":"handler/wrapper.go:25","msg":"[JWTAuthWrapper] Token iseyJhbGciOiJIUzI1NiIsInR5cCI6IkpXVCJ9.eyJleHAiOjE1NzkwODA3NTQsImp0aSI6IjMiLCJpYXQiOjE1NzY0ODg3NTQsImlzcyI6ImNvbS5pc2xhbmQuY29kZSIsIm5iZiI6MTU3NjQ4ODc1NCwic3ViIjoiMyJ9.33nTfQ6TgdHb6Y6ruYFDc-AtkUoXEhos0VZ8EVmHUX8"}
{"level":"info","ts":1576501948.299076,"caller":"zap/zap.go:49","msg":"[initLogger] zap plugin initializing completed"}
{"level":"info","ts":1576501957.247075,"caller":"handler/wrapper.go:29","msg":"[JWTAuthWrapper] Token is eyJhbGciOiJIUzI1NiIsInR5cCI6IkpXVCJ9.eyJleHAiOjE1NzkwODA3NTQsImp0aSI6IjMiLCJpYXQiOjE1NzY0ODg3NTQsImlzcyI6ImNvbS5pc2xhbmQuY29kZSIsIm5iZiI6MTU3NjQ4ODc1NCwic3ViIjoiMyJ9.33nTfQ6TgdHb6Y6ruYFDc-AtkUoXEhos0VZ8EVmHUX8"}
{"level":"info","ts":1576505733.559305,"caller":"handler/wrapper.go:29","msg":"[JWTAuthWrapper] Token is eyJhbGciOiJIUzI1NiIsInR5cCI6IkpXVCJ9.eyJ1c2VySUQiOiIzIiwiZGV2aWNlSUQiOiIiLCJleHAiOjE1NzkwOTc3MTIsImp0aSI6IjMiLCJpYXQiOjE1NzY1MDU3MTIsImlzcyI6ImVudGVyZS5naXRodWIuaW8iLCJuYmYiOjE1NzY1MDU3MTIsInN1YiI6IjMifQ.JpJGOXzjtfNTJE7Mu1slbpnOmPpsJjYHW69JWlf6Z2M"}
{"level":"info","ts":1576505733.559734,"caller":"handler/wrapper.go:39","msg":"uid is3"}
{"level":"info","ts":1576506909.9554,"caller":"zap/zap.go:49","msg":"[initLogger] zap plugin initializing completed"}
{"level":"info","ts":1576506929.906484,"caller":"handler/wrapper.go:29","msg":"[JWTAuthWrapper] Token is eyJhbGciOiJIUzI1NiIsInR5cCI6IkpXVCJ9.eyJ1c2VySUQiOiIzIiwiZGV2aWNlSUQiOiIiLCJleHAiOjE1NzkwOTg4NDksImp0aSI6IjMiLCJpYXQiOjE1NzY1MDY4NDksImlzcyI6ImVudGVyZS5naXRodWIuaW8iLCJuYmYiOjE1NzY1MDY4NDksInN1YiI6IjMifQ.ARFsdDe5oA4XZy2GT6nmpFHVLBF0JPJibyB9pVj0THM"}
{"level":"info","ts":1576506929.907132,"caller":"handler/wrapper.go:39","msg":"uid is3"}
{"level":"info","ts":1576507068.121569,"caller":"zap/zap.go:49","msg":"[initLogger] zap plugin initializing completed"}
{"level":"info","ts":1576542203.328942,"caller":"zap/zap.go:49","msg":"[initLogger] zap plugin initializing completed"}
{"level":"info","ts":1576542224.9696572,"caller":"handler/wrapper.go:30","msg":"[JWTAuthWrapper] Token is eyJhbGciOiJIUzI1NiIsInR5cCI6IkpXVCJ9.eyJ1c2VySUQiOiIzIiwiZGV2aWNlSUQiOiIiLCJleHAiOjE1NzkwOTg4NDksImp0aSI6IjMiLCJpYXQiOjE1NzY1MDY4NDksImlzcyI6ImVudGVyZS5naXRodWIuaW8iLCJuYmYiOjE1NzY1MDY4NDksInN1YiI6IjMifQ.ARFsdDe5oA4XZy2GT6nmpFHVLBF0JPJibyB9pVj0THM"}
{"level":"info","ts":1576542224.9699929,"caller":"handler/wrapper.go:40","msg":"userID is 3","result":{"userID":"3","deviceID":"","exp":1579098849,"jti":"3","iat":1576506849,"iss":"entere.github.io","nbf":1576506849,"sub":"3"}}
{"level":"info","ts":1576542322.178981,"caller":"handler/wrapper.go:30","msg":"[JWTAuthWrapper] Token is eyJhbGciOiJIUzI1NiIsInR5cCI6IkpXVCJ9.eyJ1c2VySUQiOiIzIiwiZGV2aWNlSUQiOiIiLCJleHAiOjE1NzkwOTg4NDksImp0aSI6IjMiLCJpYXQiOjE1NzY1MDY4NDksImlzcyI6ImVudGVyZS5naXRodWIuaW8iLCJuYmYiOjE1NzY1MDY4NDksInN1YiI6IjMifQ.ARFsdDe5oA4XZy2GT6nmpFHVLBF0JPJibyB9pVj0THM"}
{"level":"info","ts":1576542322.179143,"caller":"handler/wrapper.go:40","msg":"userID is 3","result":{"userID":"3","deviceID":"","exp":1579098849,"jti":"3","iat":1576506849,"iss":"entere.github.io","nbf":1576506849,"sub":"3"}}
{"level":"info","ts":1576542907.813453,"caller":"zap/zap.go:49","msg":"[initLogger] zap plugin initializing completed"}
{"level":"info","ts":1576543040.70914,"caller":"handler/wrapper.go:30","msg":"[JWTAuthWrapper] Token is eyJhbGciOiJIUzI1NiIsInR5cCI6IkpXVCJ9.eyJ1c2VySUQiOiIzIiwiZGV2aWNlSUQiOiIiLCJleHAiOjE1NzkwOTg4NDksImp0aSI6IjMiLCJpYXQiOjE1NzY1MDY4NDksImlzcyI6ImVudGVyZS5naXRodWIuaW8iLCJuYmYiOjE1NzY1MDY4NDksInN1YiI6IjMifQ.ARFsdDe5oA4XZy2GT6nmpFHVLBF0JPJibyB9pVj0THM"}
{"level":"info","ts":1576543077.489459,"caller":"handler/wrapper.go:30","msg":"[JWTAuthWrapper] Token is eyJhbGciOiJIUzI1NiIsInR5cCI6IkpXVCJ9.eyJ1c2VySUQiOiIzIiwiZGV2aWNlSUQiOiIiLCJleHAiOjE1NzkxMzUwNjEsImp0aSI6IjMiLCJpYXQiOjE1NzY1NDMwNjEsImlzcyI6ImNvbS5pc2xhbmQuY29kZSIsIm5iZiI6MTU3NjU0MzA2MSwic3ViIjoiMyJ9.wrX9bt08GmUK2gCek01GIBKaZpOhICQEf8wduV3uzJw"}
{"level":"info","ts":1576543077.4896379,"caller":"handler/wrapper.go:40","msg":"userID is 3","result":{"userID":"3","deviceID":"","exp":1579135061,"jti":"3","iat":1576543061,"iss":"com.island.code","nbf":1576543061,"sub":"3"}}
{"level":"info","ts":1576543246.464336,"caller":"handler/wrapper.go:30","msg":"[JWTAuthWrapper] Token is eyJ0eXAiOiJKV1QiLCJhbGciOiJIUzI1NiJ9.eyJpc3MiOiJodHRwOi8vYXBpLmNvZGVpc2xhbmQuY24vd2Vic2l0ZS1iYWNrZW5kL2FwaS92MS93eC9zaWduaW4iLCJpYXQiOjE1NzU5ODMxMDksImV4cCI6MTYwNzUxOTEwOSwibmJmIjoxNTc1OTgzMTA5LCJqdGkiOiJhanlWNk1NRUJsQWtBM29VIiwic3ViIjoiMTAyMjYiLCJwcnYiOiJjMTE2ZDliNTZkNWY2NGE5N2Q2Y2Y1M2VlMzdiMTljMmJjYjI0NWFjIn0.g_v_OumRVa989Y5JjgKpGx-F3_G0NIZnh70b8btlnFg"}
{"level":"info","ts":1576543307.789929,"caller":"handler/wrapper.go:30","msg":"[JWTAuthWrapper] Token is eyJ0eXAiOiJKV1QiLCJhbGciOiJIUzI1NiJ9.eyJpc3MiOiJodHRwOi8vYXBpLmNvZGVpc2xhbmQuY24vd2Vic2l0ZS1iYWNrZW5kL2FwaS92MS93eC9zaWduaW4iLCJpYXQiOjE1NzU5ODMxMDksImV4cCI6MTYwNzUxOTEwOSwibmJmIjoxNTc1OTgzMTA5LCJqdGkiOiJhanlWNk1NRUJsQWtBM29VIiwic3ViIjoiMTAyMjYiLCJwcnYiOiJjMTE2ZDliNTZkNWY2NGE5N2Q2Y2Y1M2VlMzdiMTljMmJjYjI0NWFjIn0.g_v_OumRVa989Y5JjgKpGx-F3_G0NIZnh70b8btlnFg"}
{"level":"info","ts":1576543627.075798,"caller":"zap/zap.go:49","msg":"[initLogger] zap plugin initializing completed"}
{"level":"info","ts":1576543640.407854,"caller":"handler/wrapper.go:30","msg":"[JWTAuthWrapper] Token is eyJ0eXAiOiJKV1QiLCJhbGciOiJIUzI1NiJ9.eyJpc3MiOiJodHRwOi8vYXBpLmNvZGVpc2xhbmQuY24vd2Vic2l0ZS1iYWNrZW5kL2FwaS92MS93eC9zaWduaW4iLCJpYXQiOjE1NzU5ODMxMDksImV4cCI6MTYwNzUxOTEwOSwibmJmIjoxNTc1OTgzMTA5LCJqdGkiOiJhanlWNk1NRUJsQWtBM29VIiwic3ViIjoiMTAyMjYiLCJwcnYiOiJjMTE2ZDliNTZkNWY2NGE5N2Q2Y2Y1M2VlMzdiMTljMmJjYjI0NWFjIn0.g_v_OumRVa989Y5JjgKpGx-F3_G0NIZnh70b8btlnFg"}
{"level":"info","ts":1576543640.408115,"caller":"handler/wrapper.go:40","msg":"userID is ajyV6MMEBlAkA3oU","result":{"userID":"","deviceID":"","exp":1607519109,"jti":"ajyV6MMEBlAkA3oU","iat":1575983109,"iss":"http://api.codeisland.cn/website-backend/api/v1/wx/signin","nbf":1575983109,"sub":"10226"}}
{"level":"info","ts":1576544206.030278,"caller":"handler/wrapper.go:30","msg":"[JWTAuthWrapper] Token is eyJ0eXAiOiJKV1QiLCJhbGciOiJIUzI1NiJ9.eyJpc3MiOiJodHRwOi8vYXBpLnJhY2Nvb25jb2RlLmNvbS93ZWJzaXRlLWJhY2tlbmQvYXBpL3YxL3Bvc3Qvc3R1ZGVudCIsImlhdCI6MTU3NjQ2MTE0MCwiZXhwIjoxNjA3OTk3MTQwLCJuYmYiOjE1NzY0NjExNDAsImp0aSI6IjdxOGFDSGVOVnpydDBXYVYiLCJzdWIiOiIxMDAwMyIsInBydiI6ImMxMTZkOWI1NmQ1ZjY0YTk3ZDZjZjUzZWUzN2IxOWMyYmNiMjQ1YWMifQ.bshoxXRvi6zuV7w1Za5bI0o_GL8qXPQv9XeAPssGHKQ"}
{"level":"info","ts":1576544206.030443,"caller":"handler/wrapper.go:40","msg":"userID is 7q8aCHeNVzrt0WaV","result":{"userID":"","deviceID":"","exp":1607997140,"jti":"7q8aCHeNVzrt0WaV","iat":1576461140,"iss":"http://api.raccooncode.com/website-backend/api/v1/post/student","nbf":1576461140,"sub":"10003"}}
{"level":"info","ts":1576551433.695074,"caller":"zap/zap.go:49","msg":"[initLogger] zap plugin initializing completed"}
{"level":"info","ts":1576551443.233548,"caller":"handler/wrapper.go:34","msg":"[JWTAuthWrapper] Token is eyJ0eXAiOiJKV1QiLCJhbGciOiJIUzI1NiJ9.eyJpc3MiOiJodHRwOi8vYXBpLnJhY2Nvb25jb2RlLmNvbS93ZWJzaXRlLWJhY2tlbmQvYXBpL3YxL3Bvc3Qvc3R1ZGVudCIsImlhdCI6MTU3NjQ2MTE0MCwiZXhwIjoxNjA3OTk3MTQwLCJuYmYiOjE1NzY0NjExNDAsImp0aSI6IjdxOGFDSGVOVnpydDBXYVYiLCJzdWIiOiIxMDAwMyIsInBydiI6ImMxMTZkOWI1NmQ1ZjY0YTk3ZDZjZjUzZWUzN2IxOWMyYmNiMjQ1YWMifQ.bshoxXRvi6zuV7w1Za5bI0o_GL8qXPQv9XeAPssGHKQ","ip":"::1"}
{"level":"info","ts":1576563076.404597,"caller":"handler/wrapper.go:34","msg":"[JWTAuthWrapper] Token is eyJhbGciOiJIUzI1NiIsInR5cCI6IkpXVCJ9.eyJ1c2VySUQiOiIzIiwiZGV2aWNlSUQiOiIiLCJleHAiOjE1NzkxNTUwNTAsImp0aSI6IjMiLCJpYXQiOjE1NzY1NjMwNTAsImlzcyI6ImNvbS5pc2xhbmQuY29kZSIsIm5iZiI6MTU3NjU2MzA1MCwic3ViIjoiMyJ9.vKQjpN29-4Y41mkM8Wgd20Av903lcvroJdia8ZfbaA8","ip":"::1"}
{"level":"info","ts":1576563118.621238,"caller":"handler/wrapper.go:34","msg":"[JWTAuthWrapper] Token is eyJhbGciOiJIUzI1NiIsInR5cCI6IkpXVCJ9.eyJ1c2VySUQiOiIzIiwiZGV2aWNlSUQiOiIiLCJleHAiOjE1NzkxNTUwNTAsImp0aSI6IjMiLCJpYXQiOjE1NzY1NjMwNTAsImlzcyI6ImNvbS5pc2xhbmQuY29kZSIsIm5iZiI6MTU3NjU2MzA1MCwic3ViIjoiMyJ9.vKQjpN29-4Y41mkM8Wgd20Av903lcvroJdia8ZfbaA8","ip":"::1"}
